<?xml version="1.0" encoding="UTF-8"?>
<!-- Generated by org.testng.reporters.JUnitXMLReporter -->
<testsuite ignored="0" hostname="DEEPAK-LAPTOP" failures="0" tests="5" name="Default test" time="8.091" errors="0" timestamp="2025-08-07T17:03:31 IST">
  <testcase classname="api.test.UserTests" name="setupData" time="0.166"/>
  <testcase classname="api.test.UserTests" name="testPostUser" time="3.18"/>
  <testcase classname="api.test.UserTests" name="testgetUser" time="1.122"/>
  <testcase classname="api.test.UserTests" name="testUpdateUser" time="2.122"/>
  <testcase classname="api.test.UserTests" name="deleteUser" time="1.088"/>
</testsuite> <!-- Default test -->
