<?xml version="1.0" encoding="UTF-8"?>
<testng-results ignored="0" total="5" passed="5" failed="0" skipped="0">
  <reporter-output>
  </reporter-output>
  <suite started-at="2025-08-07T17:03:23 IST" name="Default suite" finished-at="2025-08-07T17:03:31 IST" duration-ms="8091">
    <groups>
    </groups>
    <test started-at="2025-08-07T17:03:23 IST" name="Default test" finished-at="2025-08-07T17:03:31 IST" duration-ms="8091">
      <class name="api.test.UserTests">
        <test-method is-config="true" signature="setupData()[pri:0, instance:api.test.UserTests@3857f613]" started-at="2025-08-07T17:03:23 IST" name="setupData" finished-at="2025-08-07T17:03:23 IST" duration-ms="321" status="PASS">
          <reporter-output>
          </reporter-output>
        </test-method> <!-- setupData -->
        <test-method signature="setupData()[pri:0, instance:api.test.UserTests@3857f613]" started-at="2025-08-07T17:03:23 IST" name="setupData" finished-at="2025-08-07T17:03:23 IST" duration-ms="166" status="PASS">
          <reporter-output>
          </reporter-output>
        </test-method> <!-- setupData -->
        <test-method signature="testPostUser()[pri:1, instance:api.test.UserTests@3857f613]" started-at="2025-08-07T17:03:23 IST" name="testPostUser" finished-at="2025-08-07T17:03:27 IST" duration-ms="3180" status="PASS">
          <reporter-output>
          </reporter-output>
        </test-method> <!-- testPostUser -->
        <test-method signature="testgetUser()[pri:2, instance:api.test.UserTests@3857f613]" started-at="2025-08-07T17:03:27 IST" name="testgetUser" finished-at="2025-08-07T17:03:28 IST" duration-ms="1122" status="PASS">
          <reporter-output>
          </reporter-output>
        </test-method> <!-- testgetUser -->
        <test-method signature="testUpdateUser()[pri:3, instance:api.test.UserTests@3857f613]" started-at="2025-08-07T17:03:28 IST" name="testUpdateUser" finished-at="2025-08-07T17:03:30 IST" duration-ms="2122" status="PASS">
          <reporter-output>
          </reporter-output>
        </test-method> <!-- testUpdateUser -->
        <test-method signature="deleteUser()[pri:4, instance:api.test.UserTests@3857f613]" started-at="2025-08-07T17:03:30 IST" name="deleteUser" finished-at="2025-08-07T17:03:31 IST" duration-ms="1088" status="PASS">
          <reporter-output>
          </reporter-output>
        </test-method> <!-- deleteUser -->
      </class> <!-- api.test.UserTests -->
    </test> <!-- Default test -->
  </suite> <!-- Default suite -->
</testng-results>
